                                      1 ;--------------------------------------------------------
                                      2 ; File Created by SDCC : free open source ANSI-C Compiler
                                      3 ; Version 3.8.0 #10562 (Linux)
                                      4 ;--------------------------------------------------------
                                      5 	.module preemptive
                                      6 	.optsdcc -mmcs51 --model-small
                                      7 	
                                      8 ;--------------------------------------------------------
                                      9 ; Public variables in this module
                                     10 ;--------------------------------------------------------
                                     11 	.globl _myTimer0Handler
                                     12 	.globl _Bootstrap
                                     13 	.globl _main
                                     14 	.globl _CY
                                     15 	.globl _AC
                                     16 	.globl _F0
                                     17 	.globl _RS1
                                     18 	.globl _RS0
                                     19 	.globl _OV
                                     20 	.globl _F1
                                     21 	.globl _P
                                     22 	.globl _PS
                                     23 	.globl _PT1
                                     24 	.globl _PX1
                                     25 	.globl _PT0
                                     26 	.globl _PX0
                                     27 	.globl _RD
                                     28 	.globl _WR
                                     29 	.globl _T1
                                     30 	.globl _T0
                                     31 	.globl _INT1
                                     32 	.globl _INT0
                                     33 	.globl _TXD
                                     34 	.globl _RXD
                                     35 	.globl _P3_7
                                     36 	.globl _P3_6
                                     37 	.globl _P3_5
                                     38 	.globl _P3_4
                                     39 	.globl _P3_3
                                     40 	.globl _P3_2
                                     41 	.globl _P3_1
                                     42 	.globl _P3_0
                                     43 	.globl _EA
                                     44 	.globl _ES
                                     45 	.globl _ET1
                                     46 	.globl _EX1
                                     47 	.globl _ET0
                                     48 	.globl _EX0
                                     49 	.globl _P2_7
                                     50 	.globl _P2_6
                                     51 	.globl _P2_5
                                     52 	.globl _P2_4
                                     53 	.globl _P2_3
                                     54 	.globl _P2_2
                                     55 	.globl _P2_1
                                     56 	.globl _P2_0
                                     57 	.globl _SM0
                                     58 	.globl _SM1
                                     59 	.globl _SM2
                                     60 	.globl _REN
                                     61 	.globl _TB8
                                     62 	.globl _RB8
                                     63 	.globl _TI
                                     64 	.globl _RI
                                     65 	.globl _P1_7
                                     66 	.globl _P1_6
                                     67 	.globl _P1_5
                                     68 	.globl _P1_4
                                     69 	.globl _P1_3
                                     70 	.globl _P1_2
                                     71 	.globl _P1_1
                                     72 	.globl _P1_0
                                     73 	.globl _TF1
                                     74 	.globl _TR1
                                     75 	.globl _TF0
                                     76 	.globl _TR0
                                     77 	.globl _IE1
                                     78 	.globl _IT1
                                     79 	.globl _IE0
                                     80 	.globl _IT0
                                     81 	.globl _P0_7
                                     82 	.globl _P0_6
                                     83 	.globl _P0_5
                                     84 	.globl _P0_4
                                     85 	.globl _P0_3
                                     86 	.globl _P0_2
                                     87 	.globl _P0_1
                                     88 	.globl _P0_0
                                     89 	.globl _B
                                     90 	.globl _ACC
                                     91 	.globl _PSW
                                     92 	.globl _IP
                                     93 	.globl _P3
                                     94 	.globl _IE
                                     95 	.globl _P2
                                     96 	.globl _SBUF
                                     97 	.globl _SCON
                                     98 	.globl _P1
                                     99 	.globl _TH1
                                    100 	.globl _TH0
                                    101 	.globl _TL1
                                    102 	.globl _TL0
                                    103 	.globl _TMOD
                                    104 	.globl _TCON
                                    105 	.globl _PCON
                                    106 	.globl _DPH
                                    107 	.globl _DPL
                                    108 	.globl _SP
                                    109 	.globl _P0
                                    110 	.globl _tmp2
                                    111 	.globl _tmp
                                    112 	.globl _i
                                    113 	.globl _newThreadID
                                    114 	.globl _bitmap
                                    115 	.globl _curThreadID
                                    116 	.globl _sp
                                    117 	.globl _ThreadCreate
                                    118 	.globl _ThreadYield
                                    119 	.globl _ThreadExit
                                    120 ;--------------------------------------------------------
                                    121 ; special function registers
                                    122 ;--------------------------------------------------------
                                    123 	.area RSEG    (ABS,DATA)
      000000                        124 	.org 0x0000
                           000080   125 _P0	=	0x0080
                           000081   126 _SP	=	0x0081
                           000082   127 _DPL	=	0x0082
                           000083   128 _DPH	=	0x0083
                           000087   129 _PCON	=	0x0087
                           000088   130 _TCON	=	0x0088
                           000089   131 _TMOD	=	0x0089
                           00008A   132 _TL0	=	0x008a
                           00008B   133 _TL1	=	0x008b
                           00008C   134 _TH0	=	0x008c
                           00008D   135 _TH1	=	0x008d
                           000090   136 _P1	=	0x0090
                           000098   137 _SCON	=	0x0098
                           000099   138 _SBUF	=	0x0099
                           0000A0   139 _P2	=	0x00a0
                           0000A8   140 _IE	=	0x00a8
                           0000B0   141 _P3	=	0x00b0
                           0000B8   142 _IP	=	0x00b8
                           0000D0   143 _PSW	=	0x00d0
                           0000E0   144 _ACC	=	0x00e0
                           0000F0   145 _B	=	0x00f0
                                    146 ;--------------------------------------------------------
                                    147 ; special function bits
                                    148 ;--------------------------------------------------------
                                    149 	.area RSEG    (ABS,DATA)
      000000                        150 	.org 0x0000
                           000080   151 _P0_0	=	0x0080
                           000081   152 _P0_1	=	0x0081
                           000082   153 _P0_2	=	0x0082
                           000083   154 _P0_3	=	0x0083
                           000084   155 _P0_4	=	0x0084
                           000085   156 _P0_5	=	0x0085
                           000086   157 _P0_6	=	0x0086
                           000087   158 _P0_7	=	0x0087
                           000088   159 _IT0	=	0x0088
                           000089   160 _IE0	=	0x0089
                           00008A   161 _IT1	=	0x008a
                           00008B   162 _IE1	=	0x008b
                           00008C   163 _TR0	=	0x008c
                           00008D   164 _TF0	=	0x008d
                           00008E   165 _TR1	=	0x008e
                           00008F   166 _TF1	=	0x008f
                           000090   167 _P1_0	=	0x0090
                           000091   168 _P1_1	=	0x0091
                           000092   169 _P1_2	=	0x0092
                           000093   170 _P1_3	=	0x0093
                           000094   171 _P1_4	=	0x0094
                           000095   172 _P1_5	=	0x0095
                           000096   173 _P1_6	=	0x0096
                           000097   174 _P1_7	=	0x0097
                           000098   175 _RI	=	0x0098
                           000099   176 _TI	=	0x0099
                           00009A   177 _RB8	=	0x009a
                           00009B   178 _TB8	=	0x009b
                           00009C   179 _REN	=	0x009c
                           00009D   180 _SM2	=	0x009d
                           00009E   181 _SM1	=	0x009e
                           00009F   182 _SM0	=	0x009f
                           0000A0   183 _P2_0	=	0x00a0
                           0000A1   184 _P2_1	=	0x00a1
                           0000A2   185 _P2_2	=	0x00a2
                           0000A3   186 _P2_3	=	0x00a3
                           0000A4   187 _P2_4	=	0x00a4
                           0000A5   188 _P2_5	=	0x00a5
                           0000A6   189 _P2_6	=	0x00a6
                           0000A7   190 _P2_7	=	0x00a7
                           0000A8   191 _EX0	=	0x00a8
                           0000A9   192 _ET0	=	0x00a9
                           0000AA   193 _EX1	=	0x00aa
                           0000AB   194 _ET1	=	0x00ab
                           0000AC   195 _ES	=	0x00ac
                           0000AF   196 _EA	=	0x00af
                           0000B0   197 _P3_0	=	0x00b0
                           0000B1   198 _P3_1	=	0x00b1
                           0000B2   199 _P3_2	=	0x00b2
                           0000B3   200 _P3_3	=	0x00b3
                           0000B4   201 _P3_4	=	0x00b4
                           0000B5   202 _P3_5	=	0x00b5
                           0000B6   203 _P3_6	=	0x00b6
                           0000B7   204 _P3_7	=	0x00b7
                           0000B0   205 _RXD	=	0x00b0
                           0000B1   206 _TXD	=	0x00b1
                           0000B2   207 _INT0	=	0x00b2
                           0000B3   208 _INT1	=	0x00b3
                           0000B4   209 _T0	=	0x00b4
                           0000B5   210 _T1	=	0x00b5
                           0000B6   211 _WR	=	0x00b6
                           0000B7   212 _RD	=	0x00b7
                           0000B8   213 _PX0	=	0x00b8
                           0000B9   214 _PT0	=	0x00b9
                           0000BA   215 _PX1	=	0x00ba
                           0000BB   216 _PT1	=	0x00bb
                           0000BC   217 _PS	=	0x00bc
                           0000D0   218 _P	=	0x00d0
                           0000D1   219 _F1	=	0x00d1
                           0000D2   220 _OV	=	0x00d2
                           0000D3   221 _RS0	=	0x00d3
                           0000D4   222 _RS1	=	0x00d4
                           0000D5   223 _F0	=	0x00d5
                           0000D6   224 _AC	=	0x00d6
                           0000D7   225 _CY	=	0x00d7
                                    226 ;--------------------------------------------------------
                                    227 ; overlayable register banks
                                    228 ;--------------------------------------------------------
                                    229 	.area REG_BANK_0	(REL,OVR,DATA)
      000000                        230 	.ds 8
                                    231 ;--------------------------------------------------------
                                    232 ; internal ram data
                                    233 ;--------------------------------------------------------
                                    234 	.area DSEG    (DATA)
                           000030   235 _sp	=	0x0030
                           000034   236 _curThreadID	=	0x0034
                           000035   237 _bitmap	=	0x0035
                           000036   238 _newThreadID	=	0x0036
                           000037   239 _i	=	0x0037
                           000038   240 _tmp	=	0x0038
                           000039   241 _tmp2	=	0x0039
                                    242 ;--------------------------------------------------------
                                    243 ; overlayable items in internal ram 
                                    244 ;--------------------------------------------------------
                                    245 	.area	OSEG    (OVR,DATA)
                                    246 ;--------------------------------------------------------
                                    247 ; indirectly addressable internal ram data
                                    248 ;--------------------------------------------------------
                                    249 	.area ISEG    (DATA)
                                    250 ;--------------------------------------------------------
                                    251 ; absolute internal ram data
                                    252 ;--------------------------------------------------------
                                    253 	.area IABS    (ABS,DATA)
                                    254 	.area IABS    (ABS,DATA)
                                    255 ;--------------------------------------------------------
                                    256 ; bit data
                                    257 ;--------------------------------------------------------
                                    258 	.area BSEG    (BIT)
                                    259 ;--------------------------------------------------------
                                    260 ; paged external ram data
                                    261 ;--------------------------------------------------------
                                    262 	.area PSEG    (PAG,XDATA)
                                    263 ;--------------------------------------------------------
                                    264 ; external ram data
                                    265 ;--------------------------------------------------------
                                    266 	.area XSEG    (XDATA)
                                    267 ;--------------------------------------------------------
                                    268 ; absolute external ram data
                                    269 ;--------------------------------------------------------
                                    270 	.area XABS    (ABS,XDATA)
                                    271 ;--------------------------------------------------------
                                    272 ; external initialized ram data
                                    273 ;--------------------------------------------------------
                                    274 	.area XISEG   (XDATA)
                                    275 	.area HOME    (CODE)
                                    276 	.area GSINIT0 (CODE)
                                    277 	.area GSINIT1 (CODE)
                                    278 	.area GSINIT2 (CODE)
                                    279 	.area GSINIT3 (CODE)
                                    280 	.area GSINIT4 (CODE)
                                    281 	.area GSINIT5 (CODE)
                                    282 	.area GSINIT  (CODE)
                                    283 	.area GSFINAL (CODE)
                                    284 	.area CSEG    (CODE)
                                    285 ;--------------------------------------------------------
                                    286 ; global & static initialisations
                                    287 ;--------------------------------------------------------
                                    288 	.area HOME    (CODE)
                                    289 	.area GSINIT  (CODE)
                                    290 	.area GSFINAL (CODE)
                                    291 	.area GSINIT  (CODE)
                                    292 ;--------------------------------------------------------
                                    293 ; Home
                                    294 ;--------------------------------------------------------
                                    295 	.area HOME    (CODE)
                                    296 	.area HOME    (CODE)
                                    297 ;--------------------------------------------------------
                                    298 ; code
                                    299 ;--------------------------------------------------------
                                    300 	.area CSEG    (CODE)
                                    301 ;------------------------------------------------------------
                                    302 ;Allocation info for local variables in function 'Bootstrap'
                                    303 ;------------------------------------------------------------
                                    304 ;	preemptive.c:38: void Bootstrap(void) {
                                    305 ;	-----------------------------------------
                                    306 ;	 function Bootstrap
                                    307 ;	-----------------------------------------
      000000                        308 _Bootstrap:
                           000007   309 	ar7 = 0x07
                           000006   310 	ar6 = 0x06
                           000005   311 	ar5 = 0x05
                           000004   312 	ar4 = 0x04
                           000003   313 	ar3 = 0x03
                           000002   314 	ar2 = 0x02
                           000001   315 	ar1 = 0x01
                           000000   316 	ar0 = 0x00
                                    317 ;	preemptive.c:39: TMOD = 0;	//timer 0 mode 0
      000000 75 89 00         [24]  318 	mov	_TMOD,#0x00
                                    319 ;	preemptive.c:40: IE = 0x82;	//enable timer 0 interrupt
      000003 75 A8 82         [24]  320 	mov	_IE,#0x82
                                    321 ;	preemptive.c:41: TR0 = 1;	//start running timer 0
                                    322 ;	assignBit
      000006 D2 8C            [12]  323 	setb	_TR0
                                    324 ;	preemptive.c:42: bitmap = 0b0000;
      000008 75 35 00         [24]  325 	mov	_bitmap,#0x00
                                    326 ;	preemptive.c:43: curThreadID = ThreadCreate(main);
      00000B 90r00r00         [24]  327 	mov	dptr,#_main
      00000E 12r00r26         [24]  328 	lcall	_ThreadCreate
      000011 85 82 34         [24]  329 	mov	_curThreadID,dpl
                                    330 ;	preemptive.c:44: RESTORESTATE;
      000014 E5 34            [12]  331 	mov	a,_curThreadID
      000016 24 30            [12]  332 	add	a,#_sp
      000018 F9               [12]  333 	mov	r1,a
      000019 87 81            [24]  334 	mov	_SP,@r1
      00001B D0 D0            [24]  335 	pop PSW 
      00001D D0 83            [24]  336 	pop DPH 
      00001F D0 82            [24]  337 	pop DPL 
      000021 D0 F0            [24]  338 	pop B 
      000023 D0 E0            [24]  339 	pop ACC 
                                    340 ;	preemptive.c:45: }
      000025 22               [24]  341 	ret
                                    342 ;------------------------------------------------------------
                                    343 ;Allocation info for local variables in function 'ThreadCreate'
                                    344 ;------------------------------------------------------------
                                    345 ;fp                        Allocated to registers 
                                    346 ;------------------------------------------------------------
                                    347 ;	preemptive.c:47: ThreadID ThreadCreate(FunctionPtr fp) {
                                    348 ;	-----------------------------------------
                                    349 ;	 function ThreadCreate
                                    350 ;	-----------------------------------------
      000026                        351 _ThreadCreate:
                                    352 ;	preemptive.c:48: if(bitmap == 0b1111){
      000026 74 0F            [12]  353 	mov	a,#0x0f
      000028 B5 35 04         [24]  354 	cjne	a,_bitmap,00102$
                                    355 ;	preemptive.c:49: return -1;
      00002B 75 82 FF         [24]  356 	mov	dpl,#0xff
      00002E 22               [24]  357 	ret
      00002F                        358 00102$:
                                    359 ;	preemptive.c:81: }
      00002F 7F 01            [12]  360 	mov	r7,#0x01
      000031 10 AF 02         [24]  361 	jbc	ea,00129$
      000034 7F 00            [12]  362 	mov	r7,#0x00
      000036                        363 00129$:
                                    364 ;	preemptive.c:53: for(i=0;i<MAXTHREADS;i++) {
      000036 75 37 00         [24]  365 	mov	_i,#0x00
      000039                        366 00107$:
      000039 74 FC            [12]  367 	mov	a,#0x100 - 0x04
      00003B 25 37            [12]  368 	add	a,_i
      00003D 40 41            [24]  369 	jc	00105$
                                    370 ;	preemptive.c:54: if((bitmap & (1<<i)) == 0) {
      00003F AE 37            [24]  371 	mov	r6,_i
      000041 8E F0            [24]  372 	mov	b,r6
      000043 05 F0            [12]  373 	inc	b
      000045 7E 01            [12]  374 	mov	r6,#0x01
      000047 7D 00            [12]  375 	mov	r5,#0x00
      000049 80 06            [24]  376 	sjmp	00132$
      00004B                        377 00131$:
      00004B EE               [12]  378 	mov	a,r6
      00004C 2E               [12]  379 	add	a,r6
      00004D FE               [12]  380 	mov	r6,a
      00004E ED               [12]  381 	mov	a,r5
      00004F 33               [12]  382 	rlc	a
      000050 FD               [12]  383 	mov	r5,a
      000051                        384 00132$:
      000051 D5 F0 F7         [24]  385 	djnz	b,00131$
      000054 AB 35            [24]  386 	mov	r3,_bitmap
      000056 7C 00            [12]  387 	mov	r4,#0x00
      000058 EB               [12]  388 	mov	a,r3
      000059 52 06            [12]  389 	anl	ar6,a
      00005B EC               [12]  390 	mov	a,r4
      00005C 52 05            [12]  391 	anl	ar5,a
      00005E EE               [12]  392 	mov	a,r6
      00005F 4D               [12]  393 	orl	a,r5
      000060 70 1A            [24]  394 	jnz	00108$
                                    395 ;	preemptive.c:55: bitmap |= (1<<i);
      000062 AE 37            [24]  396 	mov	r6,_i
      000064 8E F0            [24]  397 	mov	b,r6
      000066 05 F0            [12]  398 	inc	b
      000068 74 01            [12]  399 	mov	a,#0x01
      00006A 80 02            [24]  400 	sjmp	00136$
      00006C                        401 00134$:
      00006C 25 E0            [12]  402 	add	a,acc
      00006E                        403 00136$:
      00006E D5 F0 FB         [24]  404 	djnz	b,00134$
      000071 FE               [12]  405 	mov	r6,a
      000072 AD 35            [24]  406 	mov	r5,_bitmap
      000074 4D               [12]  407 	orl	a,r5
      000075 F5 35            [12]  408 	mov	_bitmap,a
                                    409 ;	preemptive.c:56: newThreadID = i;
      000077 85 37 36         [24]  410 	mov	_newThreadID,_i
                                    411 ;	preemptive.c:57: break;
      00007A 80 04            [24]  412 	sjmp	00105$
      00007C                        413 00108$:
                                    414 ;	preemptive.c:53: for(i=0;i<MAXTHREADS;i++) {
      00007C 05 37            [12]  415 	inc	_i
      00007E 80 B9            [24]  416 	sjmp	00107$
      000080                        417 00105$:
                                    418 ;	preemptive.c:61: tmp = SP;
      000080 85 81 38         [24]  419 	mov	_tmp,_SP
                                    420 ;	preemptive.c:62: SP = 0x3F + (newThreadID<<4); //not 0x40, since push is pre increment
      000083 E5 36            [12]  421 	mov	a,_newThreadID
      000085 C4               [12]  422 	swap	a
      000086 54 F0            [12]  423 	anl	a,#0xf0
      000088 FE               [12]  424 	mov	r6,a
      000089 24 3F            [12]  425 	add	a,#0x3f
      00008B F5 81            [12]  426 	mov	_SP,a
                                    427 ;	preemptive.c:72: __endasm;
      00008D C0 82            [24]  428 	push	DPL
      00008F C0 83            [24]  429 	push	DPH
      000091 74 00            [12]  430 	mov	A, #0
      000093 C0 E0            [24]  431 	push	A
      000095 C0 E0            [24]  432 	push	A
      000097 C0 E0            [24]  433 	push	A
      000099 C0 E0            [24]  434 	push	A
                                    435 ;	preemptive.c:74: tmp2 = (newThreadID<<3);
      00009B E5 36            [12]  436 	mov	a,_newThreadID
      00009D FE               [12]  437 	mov	r6,a
      00009E C4               [12]  438 	swap	a
      00009F 03               [12]  439 	rr	a
      0000A0 54 F8            [12]  440 	anl	a,#0xf8
      0000A2 F5 39            [12]  441 	mov	_tmp2,a
                                    442 ;	preemptive.c:77: __endasm;
      0000A4 C0 39            [24]  443 	push	_tmp2
                                    444 ;	preemptive.c:79: sp[newThreadID] = SP;
      0000A6 E5 36            [12]  445 	mov	a,_newThreadID
      0000A8 24 30            [12]  446 	add	a,#_sp
      0000AA F8               [12]  447 	mov	r0,a
      0000AB A6 81            [24]  448 	mov	@r0,_SP
                                    449 ;	preemptive.c:80: SP = tmp;
      0000AD 85 38 81         [24]  450 	mov	_SP,_tmp
      0000B0 EF               [12]  451 	mov	a,r7
      0000B1 13               [12]  452 	rrc	a
      0000B2 92 AF            [24]  453 	mov	ea,c
                                    454 ;	preemptive.c:82: return newThreadID;
      0000B4 85 36 82         [24]  455 	mov	dpl,_newThreadID
                                    456 ;	preemptive.c:83: }
      0000B7 22               [24]  457 	ret
                                    458 ;------------------------------------------------------------
                                    459 ;Allocation info for local variables in function 'ThreadYield'
                                    460 ;------------------------------------------------------------
                                    461 ;	preemptive.c:85: void ThreadYield(void) {
                                    462 ;	-----------------------------------------
                                    463 ;	 function ThreadYield
                                    464 ;	-----------------------------------------
      0000B8                        465 _ThreadYield:
                                    466 ;	preemptive.c:99: }
      0000B8 7F 01            [12]  467 	mov	r7,#0x01
      0000BA 10 AF 02         [24]  468 	jbc	ea,00122$
      0000BD 7F 00            [12]  469 	mov	r7,#0x00
      0000BF                        470 00122$:
                                    471 ;	preemptive.c:87: SAVESTATE;
      0000BF C0 E0            [24]  472 	push ACC 
      0000C1 C0 F0            [24]  473 	push B 
      0000C3 C0 82            [24]  474 	push DPL 
      0000C5 C0 83            [24]  475 	push DPH 
      0000C7 C0 D0            [24]  476 	push PSW 
      0000C9 E5 34            [12]  477 	mov	a,_curThreadID
      0000CB 24 30            [12]  478 	add	a,#_sp
      0000CD F8               [12]  479 	mov	r0,a
      0000CE A6 81            [24]  480 	mov	@r0,_SP
                                    481 ;	preemptive.c:88: do {
      0000D0                        482 00105$:
                                    483 ;	preemptive.c:89: curThreadID++;
      0000D0 05 34            [12]  484 	inc	_curThreadID
                                    485 ;	preemptive.c:90: if(curThreadID == MAXTHREADS){
      0000D2 74 04            [12]  486 	mov	a,#0x04
      0000D4 B5 34 03         [24]  487 	cjne	a,_curThreadID,00102$
                                    488 ;	preemptive.c:91: curThreadID = 0;
      0000D7 75 34 00         [24]  489 	mov	_curThreadID,#0x00
      0000DA                        490 00102$:
                                    491 ;	preemptive.c:94: if(bitmap & (1<<curThreadID)){
      0000DA AE 34            [24]  492 	mov	r6,_curThreadID
      0000DC 8E F0            [24]  493 	mov	b,r6
      0000DE 05 F0            [12]  494 	inc	b
      0000E0 7E 01            [12]  495 	mov	r6,#0x01
      0000E2 7D 00            [12]  496 	mov	r5,#0x00
      0000E4 80 06            [24]  497 	sjmp	00126$
      0000E6                        498 00125$:
      0000E6 EE               [12]  499 	mov	a,r6
      0000E7 2E               [12]  500 	add	a,r6
      0000E8 FE               [12]  501 	mov	r6,a
      0000E9 ED               [12]  502 	mov	a,r5
      0000EA 33               [12]  503 	rlc	a
      0000EB FD               [12]  504 	mov	r5,a
      0000EC                        505 00126$:
      0000EC D5 F0 F7         [24]  506 	djnz	b,00125$
      0000EF AB 35            [24]  507 	mov	r3,_bitmap
      0000F1 7C 00            [12]  508 	mov	r4,#0x00
      0000F3 EB               [12]  509 	mov	a,r3
      0000F4 52 06            [12]  510 	anl	ar6,a
      0000F6 EC               [12]  511 	mov	a,r4
      0000F7 52 05            [12]  512 	anl	ar5,a
      0000F9 EE               [12]  513 	mov	a,r6
      0000FA 4D               [12]  514 	orl	a,r5
      0000FB 60 D3            [24]  515 	jz	00105$
                                    516 ;	preemptive.c:98: RESTORESTATE;
      0000FD E5 34            [12]  517 	mov	a,_curThreadID
      0000FF 24 30            [12]  518 	add	a,#_sp
      000101 F9               [12]  519 	mov	r1,a
      000102 87 81            [24]  520 	mov	_SP,@r1
      000104 D0 D0            [24]  521 	pop PSW 
      000106 D0 83            [24]  522 	pop DPH 
      000108 D0 82            [24]  523 	pop DPL 
      00010A D0 F0            [24]  524 	pop B 
      00010C D0 E0            [24]  525 	pop ACC 
      00010E EF               [12]  526 	mov	a,r7
      00010F 13               [12]  527 	rrc	a
      000110 92 AF            [24]  528 	mov	ea,c
                                    529 ;	preemptive.c:100: }
      000112 22               [24]  530 	ret
                                    531 ;------------------------------------------------------------
                                    532 ;Allocation info for local variables in function 'ThreadExit'
                                    533 ;------------------------------------------------------------
                                    534 ;	preemptive.c:102: void ThreadExit(void) {
                                    535 ;	-----------------------------------------
                                    536 ;	 function ThreadExit
                                    537 ;	-----------------------------------------
      000113                        538 _ThreadExit:
                                    539 ;	preemptive.c:116: }
      000113 7F 01            [12]  540 	mov	r7,#0x01
      000115 10 AF 02         [24]  541 	jbc	ea,00122$
      000118 7F 00            [12]  542 	mov	r7,#0x00
      00011A                        543 00122$:
                                    544 ;	preemptive.c:104: bitmap ^= (1<<curThreadID);
      00011A AE 34            [24]  545 	mov	r6,_curThreadID
      00011C 8E F0            [24]  546 	mov	b,r6
      00011E 05 F0            [12]  547 	inc	b
      000120 74 01            [12]  548 	mov	a,#0x01
      000122 80 02            [24]  549 	sjmp	00125$
      000124                        550 00123$:
      000124 25 E0            [12]  551 	add	a,acc
      000126                        552 00125$:
      000126 D5 F0 FB         [24]  553 	djnz	b,00123$
      000129 FE               [12]  554 	mov	r6,a
      00012A AD 35            [24]  555 	mov	r5,_bitmap
      00012C 6D               [12]  556 	xrl	a,r5
      00012D F5 35            [12]  557 	mov	_bitmap,a
                                    558 ;	preemptive.c:105: do {
      00012F                        559 00105$:
                                    560 ;	preemptive.c:106: curThreadID++;
      00012F 05 34            [12]  561 	inc	_curThreadID
                                    562 ;	preemptive.c:107: if(curThreadID == MAXTHREADS){
      000131 74 04            [12]  563 	mov	a,#0x04
      000133 B5 34 03         [24]  564 	cjne	a,_curThreadID,00102$
                                    565 ;	preemptive.c:108: curThreadID = 0;
      000136 75 34 00         [24]  566 	mov	_curThreadID,#0x00
      000139                        567 00102$:
                                    568 ;	preemptive.c:111: if(bitmap & (1<<curThreadID)){
      000139 AE 34            [24]  569 	mov	r6,_curThreadID
      00013B 8E F0            [24]  570 	mov	b,r6
      00013D 05 F0            [12]  571 	inc	b
      00013F 7E 01            [12]  572 	mov	r6,#0x01
      000141 7D 00            [12]  573 	mov	r5,#0x00
      000143 80 06            [24]  574 	sjmp	00129$
      000145                        575 00128$:
      000145 EE               [12]  576 	mov	a,r6
      000146 2E               [12]  577 	add	a,r6
      000147 FE               [12]  578 	mov	r6,a
      000148 ED               [12]  579 	mov	a,r5
      000149 33               [12]  580 	rlc	a
      00014A FD               [12]  581 	mov	r5,a
      00014B                        582 00129$:
      00014B D5 F0 F7         [24]  583 	djnz	b,00128$
      00014E AB 35            [24]  584 	mov	r3,_bitmap
      000150 7C 00            [12]  585 	mov	r4,#0x00
      000152 EB               [12]  586 	mov	a,r3
      000153 52 06            [12]  587 	anl	ar6,a
      000155 EC               [12]  588 	mov	a,r4
      000156 52 05            [12]  589 	anl	ar5,a
      000158 EE               [12]  590 	mov	a,r6
      000159 4D               [12]  591 	orl	a,r5
      00015A 60 D3            [24]  592 	jz	00105$
                                    593 ;	preemptive.c:115: RESTORESTATE;
      00015C E5 34            [12]  594 	mov	a,_curThreadID
      00015E 24 30            [12]  595 	add	a,#_sp
      000160 F9               [12]  596 	mov	r1,a
      000161 87 81            [24]  597 	mov	_SP,@r1
      000163 D0 D0            [24]  598 	pop PSW 
      000165 D0 83            [24]  599 	pop DPH 
      000167 D0 82            [24]  600 	pop DPL 
      000169 D0 F0            [24]  601 	pop B 
      00016B D0 E0            [24]  602 	pop ACC 
      00016D EF               [12]  603 	mov	a,r7
      00016E 13               [12]  604 	rrc	a
      00016F 92 AF            [24]  605 	mov	ea,c
                                    606 ;	preemptive.c:117: }
      000171 22               [24]  607 	ret
                                    608 ;------------------------------------------------------------
                                    609 ;Allocation info for local variables in function 'myTimer0Handler'
                                    610 ;------------------------------------------------------------
                                    611 ;	preemptive.c:119: void myTimer0Handler(void) {
                                    612 ;	-----------------------------------------
                                    613 ;	 function myTimer0Handler
                                    614 ;	-----------------------------------------
      000172                        615 _myTimer0Handler:
                                    616 ;	preemptive.c:120: SAVESTATE;
      000172 C0 E0            [24]  617 	push ACC 
      000174 C0 F0            [24]  618 	push B 
      000176 C0 82            [24]  619 	push DPL 
      000178 C0 83            [24]  620 	push DPH 
      00017A C0 D0            [24]  621 	push PSW 
      00017C E5 34            [12]  622 	mov	a,_curThreadID
      00017E 24 30            [12]  623 	add	a,#_sp
      000180 F8               [12]  624 	mov	r0,a
      000181 A6 81            [24]  625 	mov	@r0,_SP
                                    626 ;	preemptive.c:130: __endasm;
      000183 89 E0            [24]  627 	mov	ACC, r1
      000185 8A F0            [24]  628 	mov	B, r2
      000187 8B 82            [24]  629 	mov	DPL, r3
      000189 8C 83            [24]  630 	mov	DPH, r4
      00018B 8D D0            [24]  631 	mov	PSW, r5
      00018D 8E 38            [24]  632 	mov	_tmp, r6
      00018F 8F 39            [24]  633 	mov	_tmp2, r7
                                    634 ;	preemptive.c:132: do {
      000191                        635 00105$:
                                    636 ;	preemptive.c:133: curThreadID++;
      000191 05 34            [12]  637 	inc	_curThreadID
                                    638 ;	preemptive.c:134: if(curThreadID == MAXTHREADS){
      000193 74 04            [12]  639 	mov	a,#0x04
      000195 B5 34 03         [24]  640 	cjne	a,_curThreadID,00102$
                                    641 ;	preemptive.c:135: curThreadID = 0;
      000198 75 34 00         [24]  642 	mov	_curThreadID,#0x00
      00019B                        643 00102$:
                                    644 ;	preemptive.c:138: if(bitmap & (1<<curThreadID)){
      00019B AF 34            [24]  645 	mov	r7,_curThreadID
      00019D 8F F0            [24]  646 	mov	b,r7
      00019F 05 F0            [12]  647 	inc	b
      0001A1 7F 01            [12]  648 	mov	r7,#0x01
      0001A3 7E 00            [12]  649 	mov	r6,#0x00
      0001A5 80 06            [24]  650 	sjmp	00125$
      0001A7                        651 00124$:
      0001A7 EF               [12]  652 	mov	a,r7
      0001A8 2F               [12]  653 	add	a,r7
      0001A9 FF               [12]  654 	mov	r7,a
      0001AA EE               [12]  655 	mov	a,r6
      0001AB 33               [12]  656 	rlc	a
      0001AC FE               [12]  657 	mov	r6,a
      0001AD                        658 00125$:
      0001AD D5 F0 F7         [24]  659 	djnz	b,00124$
      0001B0 AC 35            [24]  660 	mov	r4,_bitmap
      0001B2 7D 00            [12]  661 	mov	r5,#0x00
      0001B4 EC               [12]  662 	mov	a,r4
      0001B5 52 07            [12]  663 	anl	ar7,a
      0001B7 ED               [12]  664 	mov	a,r5
      0001B8 52 06            [12]  665 	anl	ar6,a
      0001BA EF               [12]  666 	mov	a,r7
      0001BB 4E               [12]  667 	orl	a,r6
      0001BC 60 D3            [24]  668 	jz	00105$
                                    669 ;	preemptive.c:151: __endasm;
      0001BE A9 E0            [24]  670 	mov	r1, ACC
      0001C0 AA F0            [24]  671 	mov	r2, B
      0001C2 AB 82            [24]  672 	mov	r3, DPL
      0001C4 AC 83            [24]  673 	mov	r4, DPH
      0001C6 AD D0            [24]  674 	mov	r5, PSW
      0001C8 AE 38            [24]  675 	mov	r6, _tmp
      0001CA AF 39            [24]  676 	mov	r7, _tmp2
                                    677 ;	preemptive.c:153: RESTORESTATE;
      0001CC E5 34            [12]  678 	mov	a,_curThreadID
      0001CE 24 30            [12]  679 	add	a,#_sp
      0001D0 F9               [12]  680 	mov	r1,a
      0001D1 87 81            [24]  681 	mov	_SP,@r1
      0001D3 D0 D0            [24]  682 	pop PSW 
      0001D5 D0 83            [24]  683 	pop DPH 
      0001D7 D0 82            [24]  684 	pop DPL 
      0001D9 D0 F0            [24]  685 	pop B 
      0001DB D0 E0            [24]  686 	pop ACC 
                                    687 ;	preemptive.c:157: __endasm;
      0001DD 32               [24]  688 	reti
                                    689 ;	preemptive.c:158: }
      0001DE 22               [24]  690 	ret
                                    691 	.area CSEG    (CODE)
                                    692 	.area CONST   (CODE)
                                    693 	.area XINIT   (CODE)
                                    694 	.area CABS    (ABS,CODE)
